============================= test session starts =============================
platform win32 -- Python 3.5.0, pytest-5.0.1, py-1.8.0, pluggy-0.12.0
rootdir: C:\BML\tobii\asrt_\test
plugins: cov-2.7.1
collected 123 items

all_settings_def_test.py ...                                             [  2%]
calculate_stim_properties_test.py ........                               [  8%]
draw_instructions_test.py ..................                             [ 23%]
experiment_settings_file_handling_test.py .......                        [ 29%]
eye_tracking_timing_test.py .F                                           [ 30%]
integration_test.py .........                                            [ 38%]
participant_id_test.py ..                                                [ 39%]
person_data_handler_test.py .............                                [ 50%]
presentation_test.py .....                                               [ 54%]
read_instructions_test.py ..........                                     [ 62%]
show_basic_settings_dialog_test.py ...                                   [ 65%]
show_computer_and_display_settings_dialog_test.py ...                    [ 67%]
show_epoch_and_block_settings_dialog_test.py .....                       [ 71%]
show_feedback_test.py .....                                              [ 75%]
show_group_settings_dialog_test.py ......                                [ 80%]
show_key_and_feedback_settings_dialog_test.py ...                        [ 82%]
show_subject_attributes_dialog_test.py .....                             [ 86%]
show_subject_continuation_dialog_test.py ....                            [ 90%]
show_subject_identification_dialog_test.py ........                      [ 96%]
which_code_test.py ....                                                  [100%]

================================== FAILURES ===================================
________________ eyeTrackingTimingTest.testWaitForEyeResponse _________________

self = <eye_tracking_timing_test.eyeTrackingTimingTest testMethod=testWaitForEyeResponse>

    def testWaitForEyeResponse(self):
        experiment = asrt.Experiment("")
        experiment.settings = asrt.ExperimentSettings("", "")
        experiment.settings.monitor_width = 47.5
        experiment.settings.AOI_size = 1.0
        sampling_window = 36
    
        experiment.mymonitor = monitors.Monitor('myMon')
        experiment.mymonitor.setSizePix([1366, 768])
        experiment.mymonitor.setWidth(29)
        experiment.mymonitor.saveMon()
    
        for i in range(sampling_window):
            experiment.gaze_data_list.append([0.5, 0.5])
    
        clock = core.Clock()
        for i in range(100):
>           experiment.wait_for_eye_response([0.5, 0.5], sampling_window)

eye_tracking_timing_test.py:66: 
_ _ _ _ _ _ _ _ _ _ _ _ _ _ _ _ _ _ _ _ _ _ _ _ _ _ _ _ _ _ _ _ _ _ _ _ _ _ _ _

self = <asrt.Experiment object at 0x00000244424084A8>
expected_eye_pos = [0.5, 0.5], sampling_window = 36

    def wait_for_eye_response(self, expected_eye_pos, sampling_window):
    
        while (True):
    
>           if 'q' in event.getKeys():
E           TypeError: GetKeys() missing 1 required positional argument: 'keyList'

..\asrt.py:1506: TypeError
============================== warnings summary ===============================
c:\python35\lib\site-packages\win32\lib\pywintypes.py:2
  c:\python35\lib\site-packages\win32\lib\pywintypes.py:2: PendingDeprecationWarning: the imp module is deprecated in favour of importlib; see the module's documentation for alternative uses
    import imp, sys, os

c:\python35\lib\codecs.py:895
  c:\python35\lib\codecs.py:895: DeprecationWarning: 'U' mode is deprecated
    file = builtins.open(filename, mode, buffering)

-- Docs: https://docs.pytest.org/en/latest/warnings.html

----------- coverage: platform win32, python 3.5.0-final-0 -----------
Name                         Stmts   Miss  Cover   Missing
----------------------------------------------------------
C:\BML\tobii\asrt_\asrt.py    1090    185    83%   35-36, 336-340, 430-433, 447-449, 538-539, 541-542, 544-545, 548-549, 551-552, 554-555, 557-558, 578-584, 596-597, 663-672, 792, 904-1018, 1022-1075, 1276, 1296-1297, 1431-1447, 1462-1467, 1477-1480, 1488-1500, 1507-1525, 1548-1555, 1600-1616, 1627-1632, 1638, 1656-1660, 1685, 1692, 1805-1808, 1816, 1838, 1866, 1883, 1891, 1908-1910

============== 1 failed, 122 passed, 2 warnings in 66.87 seconds ==============
